<?xml version="1.0" encoding="UTF-8"?>
<!-- Generated by org.testng.reporters.JUnitReportReporter -->
<testsuite hostname="192.168.1.75" failures="0" tests="1" name="com.srn.testaid.iOSelementsScroll" time="2.514" errors="0" timestamp="2023-05-14T00:37:56 IST" skipped="0">
  <testcase classname="com.srn.testaid.iOSelementsScroll" name="iOSscoll" time="2.514"/>
  <system-out/>
</testsuite> <!-- com.srn.testaid.iOSelementsScroll -->
