<?xml version="1.0" encoding="UTF-8"?>
<!-- Generated by org.testng.reporters.JUnitReportReporter -->
<testsuite hostname="192.168.1.8" failures="0" tests="1" name="com.srn.testaid.FirstAndroidTest" time="2.853" errors="0" timestamp="2023-05-09T23:26:26 IST" skipped="0">
  <testcase classname="com.srn.testaid.FirstAndroidTest" name="click_app_button" time="2.853"/>
  <system-out/>
</testsuite> <!-- com.srn.testaid.FirstAndroidTest -->
