<?xml version="1.0" encoding="UTF-8"?>
<!-- Generated by org.testng.reporters.JUnitReportReporter -->
<testsuite hostname="192.168.1.75" failures="0" tests="1" name="com.srn.testaid.scrollTestiOS" time="0.010" errors="0" timestamp="2023-05-12T23:54:39 IST" skipped="0">
  <testcase classname="com.srn.testaid.scrollTestiOS" name="letScrollIos" time="0.010"/>
  <system-out/>
</testsuite> <!-- com.srn.testaid.scrollTestiOS -->
