<?xml version="1.0" encoding="UTF-8"?>
<!-- Generated by org.testng.reporters.JUnitReportReporter -->
<testsuite hostname="192.168.1.8" failures="0" tests="1" name="com.srn.testaid.scrollTest" time="7.718" errors="0" timestamp="2023-05-11T23:57:54 IST" skipped="0">
  <testcase classname="com.srn.testaid.scrollTest" name="testScrollToTab" time="7.718"/>
  <system-out/>
</testsuite> <!-- com.srn.testaid.scrollTest -->
