<?xml version="1.0" encoding="UTF-8"?>
<!-- Generated by org.testng.reporters.JUnitReportReporter -->
<testsuite hostname="192.168.1.75" failures="0" tests="1" name="com.srn.testaid.scrollTestiOS" time="3.754" errors="0" timestamp="2023-05-13T03:53:13 IST" skipped="0">
  <testcase classname="com.srn.testaid.scrollTestiOS" name="letScrollIos" time="3.754"/>
  <system-out/>
</testsuite> <!-- com.srn.testaid.scrollTestiOS -->
