<?xml version="1.0" encoding="UTF-8"?>
<!-- Generated by org.testng.reporters.JUnitReportReporter -->
<testsuite hostname="192.168.1.75" failures="0" tests="1" name="com.srn.testaid.iosBrowserTesting" time="0.023" errors="0" timestamp="2023-05-14T05:59:23 IST" skipped="0">
  <testcase classname="com.srn.testaid.iosBrowserTesting" name="iosSwitchApp" time="0.023"/>
  <system-out/>
</testsuite> <!-- com.srn.testaid.iosBrowserTesting -->
