<?xml version="1.0" encoding="UTF-8"?>
<!-- Generated by org.testng.reporters.JUnitReportReporter -->
<testsuite hostname="192.168.1.75" failures="0" tests="1" name="com.srn.testaid.iosAppSwitch" time="11.572" errors="0" timestamp="2023-05-14T05:18:57 IST" skipped="0">
  <testcase classname="com.srn.testaid.iosAppSwitch" name="iosSwitchApp" time="11.572"/>
  <system-out/>
</testsuite> <!-- com.srn.testaid.iosAppSwitch -->
