<?xml version="1.0" encoding="UTF-8"?>
<!-- Generated by org.testng.reporters.JUnitReportReporter -->
<testsuite hostname="192.168.1.75" failures="0" tests="1" name="com.srn.testaid.IOSexecuteScript" time="7.479" errors="0" timestamp="2023-05-14T23:36:02 IST" skipped="0">
  <testcase classname="com.srn.testaid.IOSexecuteScript" name="executeIOSscript" time="7.479"/>
  <system-out/>
</testsuite> <!-- com.srn.testaid.IOSexecuteScript -->
