<?xml version="1.0" encoding="UTF-8"?>
<!-- Generated by org.testng.reporters.JUnitReportReporter -->
<testsuite hostname="192.168.1.8" failures="0" tests="1" name="com.srn.testaid.ScrollMe" time="12.581" errors="0" timestamp="2023-05-11T18:27:29 IST" skipped="0">
  <testcase classname="com.srn.testaid.ScrollMe" name="letsScroll" time="12.581"/>
  <system-out/>
</testsuite> <!-- com.srn.testaid.ScrollMe -->
