<?xml version="1.0" encoding="UTF-8"?>
<!-- Generated by org.testng.reporters.JUnitReportReporter -->
<testsuite hostname="192.168.1.75" failures="0" tests="1" name="com.srn.testaid.androidAppSwitch" time="0.175" errors="0" timestamp="2023-05-14T03:51:00 IST" skipped="0">
  <testcase classname="com.srn.testaid.androidAppSwitch" name="appSwitch" time="0.175"/>
  <system-out/>
</testsuite> <!-- com.srn.testaid.androidAppSwitch -->
